<?xml version="1.0" encoding="UTF-8"?>
<!-- Generated by org.testng.reporters.JUnitReportReporter -->
<testsuite hostname="Bytes-Ketan" failures="0" tests="2" name="com.test.project.Testhello" time="48.710" errors="0" timestamp="2021-11-26T19:17:39 IST" skipped="0">
  <testcase classname="com.test.project.Testhello" name="login" time="8.093"/>
  <system-out/>
  <testcase classname="com.test.project.Testhello" name="article" time="40.617"/>
  <system-out/>
</testsuite> <!-- com.test.project.Testhello -->
